Build started 17/10/2012 10:57:00 am.
     1>Project "C:\Development\Version2012\Nequeo\Servers\Net\Http\NequeoAsyncCppBase\NequeoHttpServer\NequeoHttpServer\NequeoHttpServer.vcxproj" on node 2 (Rebuild target(s)).
     1>C:\Program Files (x86)\MSBuild\Microsoft.Cpp\v4.0\V110\Microsoft.CppBuild.targets(346,5): warning MSB8004: Output Directory does not end with a trailing slash.  This build instance will add the slash as it is required to allow proper evaluation of the Output Directory.
     1>ClCompile:
         C:\Program Files (x86)\Microsoft Visual Studio 11.0\VC\bin\x86_amd64\CL.exe /c /IC:\Development\Version2012\Nequeo\References\Release\Include /AI"C:\Program Files (x86)\Reference Assemblies\Microsoft\Framework\.NETFramework\v4.5\\" /AI"C:\Program Files (x86)\Windows Kits\8.0\References\CommonConfiguration\Neutral" /AI"C:\Program Files (x86)\Reference Assemblies\Microsoft\Framework\.NETFramework\v4.5\Facades\\" /Zi /clr /nologo /W3 /WX- /O2 /D WIN32 /D NDEBUG /D _WINDLL /D _UNICODE /D UNICODE /EHa /MD /GS /fp:precise /Zc:wchar_t /Zc:forScope /Yc"stdafx.h" /Fp"x64\Staging Release x64\NequeoHttpServer.pch" /Fo"x64\Staging Release x64\\" /Fd"x64\Staging Release x64\vc110.pdb" /doc"x64\Staging Release x64\\" /TP /FU"C:\Program Files (x86)\Reference Assemblies\Microsoft\Framework\.NETFramework\v4.5\mscorlib.dll" /FU"C:\Program Files (x86)\Reference Assemblies\Microsoft\Framework\.NETFramework\v4.5\System.Data.dll" /FU"C:\Program Files (x86)\Reference Assemblies\Microsoft\Framework\.NETFramework\v4.5\System.dll" /FU"C:\Program Files (x86)\Reference Assemblies\Microsoft\Framework\.NETFramework\v4.5\System.Xml.dll" /errorReport:prompt /clr:nostdlib Stdafx.cpp
         Stdafx.cpp
         C:\Program Files (x86)\Microsoft Visual Studio 11.0\VC\bin\x86_amd64\CL.exe /c /IC:\Development\Version2012\Nequeo\References\Release\Include /AI"C:\Program Files (x86)\Reference Assemblies\Microsoft\Framework\.NETFramework\v4.5\\" /AI"C:\Program Files (x86)\Windows Kits\8.0\References\CommonConfiguration\Neutral" /AI"C:\Program Files (x86)\Reference Assemblies\Microsoft\Framework\.NETFramework\v4.5\Facades\\" /Zi /clr /nologo /W3 /WX- /O2 /D WIN32 /D NDEBUG /D _WINDLL /D _UNICODE /D UNICODE /EHa /MD /GS /fp:precise /Zc:wchar_t /Zc:forScope /Yu"stdafx.h" /Fp"x64\Staging Release x64\NequeoHttpServer.pch" /Fo"x64\Staging Release x64\\" /Fd"x64\Staging Release x64\vc110.pdb" /doc"x64\Staging Release x64\\" /TP /FU"C:\Program Files (x86)\Reference Assemblies\Microsoft\Framework\.NETFramework\v4.5\mscorlib.dll" /FU"C:\Program Files (x86)\Reference Assemblies\Microsoft\Framework\.NETFramework\v4.5\System.Data.dll" /FU"C:\Program Files (x86)\Reference Assemblies\Microsoft\Framework\.NETFramework\v4.5\System.dll" /FU"C:\Program Files (x86)\Reference Assemblies\Microsoft\Framework\.NETFramework\v4.5\System.Xml.dll" /errorReport:prompt /clr:nostdlib AssemblyInfo.cpp HttpServer.cpp
         AssemblyInfo.cpp
         HttpServer.cpp
     1>HttpServer.cpp(80): warning C4101: 'ex' : unreferenced local variable
     1>HttpServer.cpp(88): warning C4101: 'ex' : unreferenced local variable
     1>HttpServer.cpp(96): warning C4101: 'ex' : unreferenced local variable
         Generating Code...
         C:\Program Files (x86)\Microsoft Visual Studio 11.0\VC\bin\x86_amd64\CL.exe /c /IC:\Development\Version2012\Nequeo\References\Release\Include /Zi /clr /nologo /W3 /WX- /O2 /D WIN32 /D NDEBUG /D _WINDLL /D _UNICODE /D UNICODE /EHa /MD /GS /fp:precise /Zc:wchar_t /Zc:forScope /Fo"x64\Staging Release x64\\" /Fd"x64\Staging Release x64\vc110.pdb" /doc"x64\Staging Release x64\\" /TP /errorReport:prompt "C:\Users\PC\AppData\Local\Temp\.NETFramework,Version=v4.5.AssemblyAttributes.cpp"
         .NETFramework,Version=v4.5.AssemblyAttributes.cpp
       ResourceCompile:
         C:\Program Files (x86)\Windows Kits\8.0\bin\x86\rc.exe /D _UNICODE /D UNICODE /l"0x0409" /nologo /fo"x64\Staging Release x64\app.res" app.rc 
       Link:
         C:\Program Files (x86)\Microsoft Visual Studio 11.0\VC\bin\x86_amd64\link.exe /ERRORREPORT:PROMPT /OUT:"..\..\..\..\..\..\References\Staging_x64\NequeoHttpServer.dll" /INCREMENTAL:NO /NOLOGO /LIBPATH:C:\Development\Version2012\Nequeo\References\Release_x64\Lib httpapi.lib NequeoAsyncHttpServer.lib kernel32.lib user32.lib gdi32.lib winspool.lib comdlg32.lib advapi32.lib shell32.lib ole32.lib oleaut32.lib uuid.lib odbc32.lib odbccp32.lib /MANIFEST /MANIFESTUAC:"level='asInvoker' uiAccess='false'" /manifest:embed /DEBUG /PDB:"..\..\..\..\..\..\References\Staging_x64\NequeoHttpServer.pdb" /TLBID:1 /DYNAMICBASE /FIXED:NO /NXCOMPAT /MACHINE:X64 /DLL "x64\Staging Release x64\app.res"
         "x64\Staging Release x64\AssemblyInfo.obj"
         "x64\Staging Release x64\HttpServer.obj"
         "x64\Staging Release x64\Stdafx.obj"
         "x64\Staging Release x64\.NETFramework,Version=v4.5.AssemblyAttributes.obj"
         NequeoAsyncHttpServer.lib(Listener.obj) : MSIL .netmodule or module compiled with /GL found; restarting link with /LTCG; add /LTCG to the link command line to improve linker performance
         Generating code
         Finished generating code
         NequeoHttpServer.vcxproj -> C:\Development\Version2012\Nequeo\Servers\Net\Http\NequeoAsyncCppBase\NequeoHttpServer\NequeoHttpServer\..\..\..\..\..\..\References\Staging_x64\NequeoHttpServer.dll
       XdcMake:
         C:\Program Files (x86)\Microsoft Visual Studio 11.0\VC\bin\xdcmake.exe /old "NequeoHttpServer" /nologo /Fo"..\..\..\..\..\..\References\Staging_x64\NequeoHttpServer.xml" /Fs"x64\Staging Release x64\AssemblyInfo.xdc" /Fs"x64\Staging Release x64\HttpServer.xdc" /Fs"x64\Staging Release x64\Stdafx.xdc" /Fs"x64\Staging Release x64\.NETFramework,Version=v4.5.AssemblyAttributes.xdc"
     1>Done Building Project "C:\Development\Version2012\Nequeo\Servers\Net\Http\NequeoAsyncCppBase\NequeoHttpServer\NequeoHttpServer\NequeoHttpServer.vcxproj" (Rebuild target(s)).

Build succeeded.

Time Elapsed 00:00:02.07
