C:\DEVELOPMENT\VERSION2012\NEQUEO\SERVERS\NET\HTTP\NEQUEOASYNCCPPBASE\NEQUEOHTTPSERVER\NEQUEOHTTPSERVER\X64\STAGING RELEASE X64\NEQUEOHTTPSERVER.PCH
C:\DEVELOPMENT\VERSION2012\NEQUEO\SERVERS\NET\HTTP\NEQUEOASYNCCPPBASE\NEQUEOHTTPSERVER\NEQUEOHTTPSERVER\X64\STAGING RELEASE X64\STDAFX.XDC
C:\DEVELOPMENT\VERSION2012\NEQUEO\SERVERS\NET\HTTP\NEQUEOASYNCCPPBASE\NEQUEOHTTPSERVER\NEQUEOHTTPSERVER\X64\STAGING RELEASE X64\STDAFX.OBJ
C:\DEVELOPMENT\VERSION2012\NEQUEO\SERVERS\NET\HTTP\NEQUEOASYNCCPPBASE\NEQUEOHTTPSERVER\NEQUEOHTTPSERVER\X64\STAGING RELEASE X64\VC110.PDB
C:\DEVELOPMENT\VERSION2012\NEQUEO\SERVERS\NET\HTTP\NEQUEOASYNCCPPBASE\NEQUEOHTTPSERVER\NEQUEOHTTPSERVER\X64\STAGING RELEASE X64\ASSEMBLYINFO.XDC
C:\DEVELOPMENT\VERSION2012\NEQUEO\SERVERS\NET\HTTP\NEQUEOASYNCCPPBASE\NEQUEOHTTPSERVER\NEQUEOHTTPSERVER\X64\STAGING RELEASE X64\HTTPSERVER.XDC
C:\DEVELOPMENT\VERSION2012\NEQUEO\SERVERS\NET\HTTP\NEQUEOASYNCCPPBASE\NEQUEOHTTPSERVER\NEQUEOHTTPSERVER\X64\STAGING RELEASE X64\HTTPSERVER.OBJ
C:\DEVELOPMENT\VERSION2012\NEQUEO\SERVERS\NET\HTTP\NEQUEOASYNCCPPBASE\NEQUEOHTTPSERVER\NEQUEOHTTPSERVER\X64\STAGING RELEASE X64\ASSEMBLYINFO.OBJ
C:\DEVELOPMENT\VERSION2012\NEQUEO\SERVERS\NET\HTTP\NEQUEOASYNCCPPBASE\NEQUEOHTTPSERVER\NEQUEOHTTPSERVER\X64\STAGING RELEASE X64\.NETFRAMEWORK,VERSION=V4.5.ASSEMBLYATTRIBUTES.XDC
C:\DEVELOPMENT\VERSION2012\NEQUEO\SERVERS\NET\HTTP\NEQUEOASYNCCPPBASE\NEQUEOHTTPSERVER\NEQUEOHTTPSERVER\X64\STAGING RELEASE X64\.NETFRAMEWORK,VERSION=V4.5.ASSEMBLYATTRIBUTES.OBJ
C:\DEVELOPMENT\VERSION2012\NEQUEO\REFERENCES\STAGING_X64\NEQUEOHTTPSERVER.DLL
C:\DEVELOPMENT\VERSION2012\NEQUEO\REFERENCES\STAGING_X64\NEQUEOHTTPSERVER.PDB
C:\DEVELOPMENT\VERSION2012\NEQUEO\SERVERS\NET\HTTP\NEQUEOASYNCCPPBASE\NEQUEOHTTPSERVER\NEQUEOHTTPSERVER\X64\STAGING RELEASE X64\APP.RES
C:\DEVELOPMENT\VERSION2012\NEQUEO\REFERENCES\STAGING_X64\NEQUEOHTTPSERVER.XML
C:\Development\Version2012\Nequeo\Servers\Net\Http\NequeoAsyncCppBase\NequeoHttpServer\NequeoHttpServer\x64\Staging Release x64\.NETFramework,Version=v4.5.AssemblyAttributes.obj
C:\Development\Version2012\Nequeo\Servers\Net\Http\NequeoAsyncCppBase\NequeoHttpServer\NequeoHttpServer\x64\Staging Release x64\AssemblyInfo.obj
C:\Development\Version2012\Nequeo\Servers\Net\Http\NequeoAsyncCppBase\NequeoHttpServer\NequeoHttpServer\x64\Staging Release x64\HttpServer.obj
C:\Development\Version2012\Nequeo\Servers\Net\Http\NequeoAsyncCppBase\NequeoHttpServer\NequeoHttpServer\x64\Staging Release x64\Stdafx.obj
C:\Development\Version2012\Nequeo\Servers\Net\Http\NequeoAsyncCppBase\NequeoHttpServer\NequeoHttpServer\x64\Staging Release x64\cl.command.1.tlog
C:\Development\Version2012\Nequeo\Servers\Net\Http\NequeoAsyncCppBase\NequeoHttpServer\NequeoHttpServer\x64\Staging Release x64\CL.read.1.tlog
C:\Development\Version2012\Nequeo\Servers\Net\Http\NequeoAsyncCppBase\NequeoHttpServer\NequeoHttpServer\x64\Staging Release x64\CL.write.1.tlog
C:\Development\Version2012\Nequeo\Servers\Net\Http\NequeoAsyncCppBase\NequeoHttpServer\NequeoHttpServer\x64\Staging Release x64\link.3832-cvtres.read.1.tlog
C:\Development\Version2012\Nequeo\Servers\Net\Http\NequeoAsyncCppBase\NequeoHttpServer\NequeoHttpServer\x64\Staging Release x64\link.3832-cvtres.write.1.tlog
C:\Development\Version2012\Nequeo\Servers\Net\Http\NequeoAsyncCppBase\NequeoHttpServer\NequeoHttpServer\x64\Staging Release x64\link.3832-rc.read.1.tlog
C:\Development\Version2012\Nequeo\Servers\Net\Http\NequeoAsyncCppBase\NequeoHttpServer\NequeoHttpServer\x64\Staging Release x64\link.3832-rc.write.1.tlog
C:\Development\Version2012\Nequeo\Servers\Net\Http\NequeoAsyncCppBase\NequeoHttpServer\NequeoHttpServer\x64\Staging Release x64\link.3832.read.1.tlog
C:\Development\Version2012\Nequeo\Servers\Net\Http\NequeoAsyncCppBase\NequeoHttpServer\NequeoHttpServer\x64\Staging Release x64\link.3832.write.1.tlog
C:\Development\Version2012\Nequeo\Servers\Net\Http\NequeoAsyncCppBase\NequeoHttpServer\NequeoHttpServer\x64\Staging Release x64\link.command.1.tlog
C:\Development\Version2012\Nequeo\Servers\Net\Http\NequeoAsyncCppBase\NequeoHttpServer\NequeoHttpServer\x64\Staging Release x64\link.read.1.tlog
C:\Development\Version2012\Nequeo\Servers\Net\Http\NequeoAsyncCppBase\NequeoHttpServer\NequeoHttpServer\x64\Staging Release x64\link.write.1.tlog
C:\Development\Version2012\Nequeo\Servers\Net\Http\NequeoAsyncCppBase\NequeoHttpServer\NequeoHttpServer\x64\Staging Release x64\metagen.read.1.tlog
C:\Development\Version2012\Nequeo\Servers\Net\Http\NequeoAsyncCppBase\NequeoHttpServer\NequeoHttpServer\x64\Staging Release x64\metagen.write.1.tlog
C:\Development\Version2012\Nequeo\Servers\Net\Http\NequeoAsyncCppBase\NequeoHttpServer\NequeoHttpServer\x64\Staging Release x64\rc.command.1.tlog
C:\Development\Version2012\Nequeo\Servers\Net\Http\NequeoAsyncCppBase\NequeoHttpServer\NequeoHttpServer\x64\Staging Release x64\rc.read.1.tlog
C:\Development\Version2012\Nequeo\Servers\Net\Http\NequeoAsyncCppBase\NequeoHttpServer\NequeoHttpServer\x64\Staging Release x64\rc.write.1.tlog
C:\Development\Version2012\Nequeo\Servers\Net\Http\NequeoAsyncCppBase\NequeoHttpServer\NequeoHttpServer\x64\Staging Release x64\XDCMake.command.1.tlog
C:\Development\Version2012\Nequeo\Servers\Net\Http\NequeoAsyncCppBase\NequeoHttpServer\NequeoHttpServer\x64\Staging Release x64\xdcmake.read.1.tlog
C:\Development\Version2012\Nequeo\Servers\Net\Http\NequeoAsyncCppBase\NequeoHttpServer\NequeoHttpServer\x64\Staging Release x64\xdcmake.write.1.tlog
C:\Development\Version2012\Nequeo\Servers\Net\Http\NequeoAsyncCppBase\NequeoHttpServer\NequeoHttpServer\x64\Staging Release x64\app.res
C:\Development\Version2012\Nequeo\Servers\Net\Http\NequeoAsyncCppBase\NequeoHttpServer\NequeoHttpServer\x64\Staging Release x64\NequeoHttpServer.pch
C:\Development\Version2012\Nequeo\Servers\Net\Http\NequeoAsyncCppBase\NequeoHttpServer\NequeoHttpServer\x64\Staging Release x64\.NETFramework,Version=v4.5.AssemblyAttributes.xdc
C:\Development\Version2012\Nequeo\Servers\Net\Http\NequeoAsyncCppBase\NequeoHttpServer\NequeoHttpServer\x64\Staging Release x64\AssemblyInfo.xdc
C:\Development\Version2012\Nequeo\Servers\Net\Http\NequeoAsyncCppBase\NequeoHttpServer\NequeoHttpServer\x64\Staging Release x64\HttpServer.xdc
C:\Development\Version2012\Nequeo\Servers\Net\Http\NequeoAsyncCppBase\NequeoHttpServer\NequeoHttpServer\x64\Staging Release x64\Stdafx.xdc
C:\Development\Version2012\Nequeo\Servers\Net\Http\NequeoAsyncCppBase\NequeoHttpServer\NequeoHttpServer\x64\Staging Release x64\vc110.pdb
C:\Development\Version2012\Nequeo\Servers\Net\Http\NequeoAsyncCppBase\NequeoHttpServer\NequeoHttpServer\x64\Staging Release x64\MSXML6R.DLL.bi
C:\Development\Version2012\Nequeo\Servers\Net\Http\NequeoAsyncCppBase\NequeoHttpServer\NequeoHttpServer\x64\Staging Release x64\RSAENH.DLL.bi
C:\Development\Version2012\Nequeo\Servers\Net\Http\NequeoAsyncCppBase\NequeoHttpServer\NequeoHttpServer\x64\Staging Release x64\TZRES.DLL.bi
C:\Development\Version2012\Nequeo\Servers\Net\Http\NequeoAsyncCppBase\NequeoHttpServer\NequeoHttpServer\..\..\..\..\..\..\References\Staging_x64\NequeoHttpServer.dll
