23/03/2014 1:27:21 pm	This log contains information about the import schema operation into project 'Database.NequeoSearch' on computer 'DEVELOPMENT' by user 'PC'.
23/03/2014 1:27:21 pm	Import of database schema has started.
23/03/2014 1:27:25 pm	Gathering database options
23/03/2014 1:27:25 pm	Gathering users
23/03/2014 1:27:25 pm	Gathering roles
23/03/2014 1:27:25 pm	Gathering application roles
23/03/2014 1:27:25 pm	Gathering role memberships
23/03/2014 1:27:25 pm	Gathering filegroups
23/03/2014 1:27:25 pm	Gathering full-text catalogs
23/03/2014 1:27:25 pm	Gathering assemblies
23/03/2014 1:27:25 pm	Gathering certificates
23/03/2014 1:27:25 pm	Gathering asymmetric keys
23/03/2014 1:27:25 pm	Gathering symmetric keys
23/03/2014 1:27:25 pm	Gathering encrypted symmetric keys
23/03/2014 1:27:25 pm	Gathering schemas
23/03/2014 1:27:25 pm	Gathering XML schema collections
23/03/2014 1:27:25 pm	Gathering user-defined data types
23/03/2014 1:27:25 pm	Gathering user-defined types
23/03/2014 1:27:25 pm	Gathering table types
23/03/2014 1:27:25 pm	Gathering unique keys for table types
23/03/2014 1:27:25 pm	Gathering primary keys for table types
23/03/2014 1:27:25 pm	Gathering check constraints for table types
23/03/2014 1:27:25 pm	Gathering default constraints for table types
23/03/2014 1:27:25 pm	Gathering partition functions
23/03/2014 1:27:25 pm	Gathering partition schemes
23/03/2014 1:27:25 pm	Gathering functions
23/03/2014 1:27:25 pm	Gathering encrypted functions
23/03/2014 1:27:25 pm	Gathering aggregates
23/03/2014 1:27:25 pm	Gathering procedures
23/03/2014 1:27:25 pm	Gathering encrypted procedures
23/03/2014 1:27:25 pm	Gathering tables
23/03/2014 1:27:25 pm	Gathering primary keys
23/03/2014 1:27:25 pm	Gathering unique constraints
23/03/2014 1:27:25 pm	Gathering foreign keys
23/03/2014 1:27:25 pm	Gathering default constraints
23/03/2014 1:27:25 pm	Gathering check constraints
23/03/2014 1:27:25 pm	Gathering views
23/03/2014 1:27:25 pm	Gathering encrypted views
23/03/2014 1:27:25 pm	Gathering indexes
23/03/2014 1:27:25 pm	Gathering statistics
23/03/2014 1:27:25 pm	Gathering full-text index stoplists
23/03/2014 1:27:25 pm	Gathering full-text indexes
23/03/2014 1:27:25 pm	Gathering spatial indexes
23/03/2014 1:27:25 pm	Gathering XML indexes
23/03/2014 1:27:25 pm	Gathering encrypted triggers
23/03/2014 1:27:25 pm	Gathering triggers
23/03/2014 1:27:25 pm	Gathering encrypted and clr ddl triggers
23/03/2014 1:27:25 pm	Gathering ddl triggers
23/03/2014 1:27:25 pm	Gathering synonyms
23/03/2014 1:27:25 pm	Gathering defaults
23/03/2014 1:27:25 pm	Gathering data constraint uddt bindings
23/03/2014 1:27:25 pm	Gathering rules
23/03/2014 1:27:25 pm	Gathering data constraint uddt bindings
23/03/2014 1:27:25 pm	Gathering message types
23/03/2014 1:27:25 pm	Gathering queues
23/03/2014 1:27:25 pm	Gathering contracts
23/03/2014 1:27:25 pm	Gathering services
23/03/2014 1:27:25 pm	Gathering event notifications
23/03/2014 1:27:25 pm	Gathering remote service bindings
23/03/2014 1:27:25 pm	Gathering broker priorities
23/03/2014 1:27:25 pm	Gathering signatures
23/03/2014 1:27:25 pm	Gathering data compression options
23/03/2014 1:27:25 pm	Gathering extended properties
23/03/2014 1:27:25 pm	Gathering credentials
23/03/2014 1:27:25 pm	Gathering logins
23/03/2014 1:27:25 pm	Gathering server audits
23/03/2014 1:27:25 pm	Scanning project for duplicate elements
23/03/2014 1:27:25 pm	Finished duplicate element processing
23/03/2014 1:27:25 pm	Finished importing database.
23/03/2014 1:27:25 pm	A summary of the import was saved to the following location: Z:\Development\Version2013\Nequeo\Data\Database\NequeoCompany\Database.NequeoSearch\Database.NequeoSearch\Import Schema Logs\Database.NequeoSearc_20140323022721.log
23/03/2014 1:27:25 pm	Click Finish to continue...
