  Building Custom Rule D:/Development/Miscpkg/PortAudio/portaudio-19/CMakeLists.txt
  CMake does not need to re-run because D:\Development\Miscpkg\PortAudio\portaudio-19\build\x64\CMakeFiles\generate.stamp is up-to-date.
  pa_allocation.c
  pa_converters.c
  pa_cpuload.c
  pa_debugprint.c
  pa_dither.c
  pa_front.c
  pa_process.c
  pa_ringbuffer.c
  pa_stream.c
  pa_trace.c
  pa_win_wmme.c
D:\Development\Miscpkg\PortAudio\portaudio-19\src\hostapi\wmme\pa_win_wmme.c(212): warning C4267: 'initializing': conversion from 'size_t' to 'int', possible loss of data
D:\Development\Miscpkg\PortAudio\portaudio-19\src\hostapi\wmme\pa_win_wmme.c(654): warning C4312: 'type cast': conversion from 'int' to 'HWAVEIN' of greater size
D:\Development\Miscpkg\PortAudio\portaudio-19\src\hostapi\wmme\pa_win_wmme.c(663): warning C4312: 'type cast': conversion from 'int' to 'HWAVEIN' of greater size
D:\Development\Miscpkg\PortAudio\portaudio-19\src\hostapi\wmme\pa_win_wmme.c(779): warning C4312: 'type cast': conversion from 'int' to 'HWAVEOUT' of greater size
D:\Development\Miscpkg\PortAudio\portaudio-19\src\hostapi\wmme\pa_win_wmme.c(788): warning C4312: 'type cast': conversion from 'int' to 'HWAVEOUT' of greater size
D:\Development\Miscpkg\PortAudio\portaudio-19\src\hostapi\wmme\pa_win_wmme.c(906): warning C4996: 'GetVersionExW': was declared deprecated
  C:\Program Files (x86)\Windows Kits\10\Include\10.0.14393.0\um\sysinfoapi.h(451): note: see declaration of 'GetVersionExW'
D:\Development\Miscpkg\PortAudio\portaudio-19\src\hostapi\wmme\pa_win_wmme.c(976): warning C4312: 'type cast': conversion from 'UINT' to 'HWAVEIN' of greater size
D:\Development\Miscpkg\PortAudio\portaudio-19\src\hostapi\wmme\pa_win_wmme.c(980): warning C4312: 'type cast': conversion from 'UINT' to 'HWAVEOUT' of greater size
  pa_win_wasapi.c
  pa_win_wdmks.c
D:\Development\Miscpkg\PortAudio\portaudio-19\src\hostapi\wdmks\pa_win_wdmks.c(638): warning C4996: 'GetVersionExW': was declared deprecated
  C:\Program Files (x86)\Windows Kits\10\Include\10.0.14393.0\um\sysinfoapi.h(451): note: see declaration of 'GetVersionExW'
  pa_hostapi_skeleton.c
  pa_win_hostapis.c
  pa_win_util.c
  pa_win_waveformat.c
  pa_win_wdmks_utils.c
  pa_win_coinitialize.c
  pa_x86_plain_converters.c
  Generating Code...
LINK : fatal error LNK1104: cannot open file 'ksguid.lib'
