C:\DEVELOPMENT\VERSION2012\NEQUEO\SERVERS\NET\HTTP\NEQUEOASYNCCPPBASE\NEQUEOHTTPSERVER\NEQUEOHTTPSERVER\RELEASE\NEQUEOHTTPSERVER.PCH
C:\DEVELOPMENT\VERSION2012\NEQUEO\SERVERS\NET\HTTP\NEQUEOASYNCCPPBASE\NEQUEOHTTPSERVER\NEQUEOHTTPSERVER\RELEASE\STDAFX.OBJ
C:\DEVELOPMENT\VERSION2012\NEQUEO\SERVERS\NET\HTTP\NEQUEOASYNCCPPBASE\NEQUEOHTTPSERVER\NEQUEOHTTPSERVER\RELEASE\VC110.PDB
C:\DEVELOPMENT\VERSION2012\NEQUEO\SERVERS\NET\HTTP\NEQUEOASYNCCPPBASE\NEQUEOHTTPSERVER\NEQUEOHTTPSERVER\RELEASE\HTTPSERVER.OBJ
C:\DEVELOPMENT\VERSION2012\NEQUEO\SERVERS\NET\HTTP\NEQUEOASYNCCPPBASE\NEQUEOHTTPSERVER\NEQUEOHTTPSERVER\RELEASE\ASSEMBLYINFO.OBJ
C:\DEVELOPMENT\VERSION2012\NEQUEO\SERVERS\NET\HTTP\NEQUEOASYNCCPPBASE\NEQUEOHTTPSERVER\NEQUEOHTTPSERVER\RELEASE\.NETFRAMEWORK,VERSION=V4.5.ASSEMBLYATTRIBUTES.OBJ
C:\DEVELOPMENT\VERSION2012\NEQUEO\SERVERS\NET\HTTP\NEQUEOASYNCCPPBASE\NEQUEOHTTPSERVER\NEQUEOHTTPSERVER\RELEASE\APP.RES
C:\Development\Version2012\Nequeo\Servers\Net\Http\NequeoAsyncCppBase\NequeoHttpServer\NequeoHttpServer\Release\.NETFramework,Version=v4.5.AssemblyAttributes.obj
C:\Development\Version2012\Nequeo\Servers\Net\Http\NequeoAsyncCppBase\NequeoHttpServer\NequeoHttpServer\Release\AssemblyInfo.obj
C:\Development\Version2012\Nequeo\Servers\Net\Http\NequeoAsyncCppBase\NequeoHttpServer\NequeoHttpServer\Release\HttpServer.obj
C:\Development\Version2012\Nequeo\Servers\Net\Http\NequeoAsyncCppBase\NequeoHttpServer\NequeoHttpServer\Release\Stdafx.obj
C:\Development\Version2012\Nequeo\Servers\Net\Http\NequeoAsyncCppBase\NequeoHttpServer\NequeoHttpServer\Release\cl.command.1.tlog
C:\Development\Version2012\Nequeo\Servers\Net\Http\NequeoAsyncCppBase\NequeoHttpServer\NequeoHttpServer\Release\CL.read.1.tlog
C:\Development\Version2012\Nequeo\Servers\Net\Http\NequeoAsyncCppBase\NequeoHttpServer\NequeoHttpServer\Release\CL.write.1.tlog
C:\Development\Version2012\Nequeo\Servers\Net\Http\NequeoAsyncCppBase\NequeoHttpServer\NequeoHttpServer\Release\link-cvtres.read.1.tlog
C:\Development\Version2012\Nequeo\Servers\Net\Http\NequeoAsyncCppBase\NequeoHttpServer\NequeoHttpServer\Release\link-cvtres.write.1.tlog
C:\Development\Version2012\Nequeo\Servers\Net\Http\NequeoAsyncCppBase\NequeoHttpServer\NequeoHttpServer\Release\link-rc.read.1.tlog
C:\Development\Version2012\Nequeo\Servers\Net\Http\NequeoAsyncCppBase\NequeoHttpServer\NequeoHttpServer\Release\link-rc.write.1.tlog
C:\Development\Version2012\Nequeo\Servers\Net\Http\NequeoAsyncCppBase\NequeoHttpServer\NequeoHttpServer\Release\link.command.1.tlog
C:\Development\Version2012\Nequeo\Servers\Net\Http\NequeoAsyncCppBase\NequeoHttpServer\NequeoHttpServer\Release\link.read.1.tlog
C:\Development\Version2012\Nequeo\Servers\Net\Http\NequeoAsyncCppBase\NequeoHttpServer\NequeoHttpServer\Release\link.write.1.tlog
C:\Development\Version2012\Nequeo\Servers\Net\Http\NequeoAsyncCppBase\NequeoHttpServer\NequeoHttpServer\Release\metagen.read.1.tlog
C:\Development\Version2012\Nequeo\Servers\Net\Http\NequeoAsyncCppBase\NequeoHttpServer\NequeoHttpServer\Release\metagen.write.1.tlog
C:\Development\Version2012\Nequeo\Servers\Net\Http\NequeoAsyncCppBase\NequeoHttpServer\NequeoHttpServer\Release\rc.command.1.tlog
C:\Development\Version2012\Nequeo\Servers\Net\Http\NequeoAsyncCppBase\NequeoHttpServer\NequeoHttpServer\Release\rc.read.1.tlog
C:\Development\Version2012\Nequeo\Servers\Net\Http\NequeoAsyncCppBase\NequeoHttpServer\NequeoHttpServer\Release\rc.write.1.tlog
C:\Development\Version2012\Nequeo\Servers\Net\Http\NequeoAsyncCppBase\NequeoHttpServer\NequeoHttpServer\Release\app.res
C:\Development\Version2012\Nequeo\Servers\Net\Http\NequeoAsyncCppBase\NequeoHttpServer\NequeoHttpServer\Release\NequeoHttpServer.pch
C:\Development\Version2012\Nequeo\Servers\Net\Http\NequeoAsyncCppBase\NequeoHttpServer\NequeoHttpServer\Release\vc110.pdb
C:\Development\Version2012\Nequeo\Servers\Net\Http\NequeoAsyncCppBase\NequeoHttpServer\NequeoHttpServer\Release\RSAENH.DLL.bi
C:\Development\Version2012\Nequeo\Servers\Net\Http\NequeoAsyncCppBase\NequeoHttpServer\NequeoHttpServer\Release\TZRES.DLL.bi
C:\Development\Version2012\Nequeo\Servers\Net\Http\NequeoAsyncCppBase\NequeoHttpServer\Release\NequeoHttpServer.pdb
