  Building Custom Rule D:/Development/Miscpkg/PortAudio/portaudio-19/CMakeLists.txt
  CMake does not need to re-run because D:\Development\Miscpkg\PortAudio\portaudio-19\build\x86\CMakeFiles\generate.stamp is up-to-date.
  pa_allocation.c
  pa_converters.c
  pa_cpuload.c
  pa_debugprint.c
  pa_dither.c
  pa_front.c
  pa_process.c
  pa_ringbuffer.c
  pa_stream.c
  pa_trace.c
  pa_win_wmme.c
D:\Development\Miscpkg\PortAudio\portaudio-19\src\hostapi\wmme\pa_win_wmme.c(906): warning C4996: 'GetVersionExW': was declared deprecated
  C:\Program Files (x86)\Windows Kits\10\Include\10.0.14393.0\um\sysinfoapi.h(451): note: see declaration of 'GetVersionExW'
  pa_win_wasapi.c
  pa_win_wdmks.c
D:\Development\Miscpkg\PortAudio\portaudio-19\src\hostapi\wdmks\pa_win_wdmks.c(638): warning C4996: 'GetVersionExW': was declared deprecated
  C:\Program Files (x86)\Windows Kits\10\Include\10.0.14393.0\um\sysinfoapi.h(451): note: see declaration of 'GetVersionExW'
  pa_hostapi_skeleton.c
  pa_win_hostapis.c
  pa_win_util.c
  pa_win_waveformat.c
  pa_win_wdmks_utils.c
  pa_win_coinitialize.c
  pa_x86_plain_converters.c
  Generating Code...
C:\Program Files (x86)\MSBuild\Microsoft.Cpp\v4.0\V140\Microsoft.CppBuild.targets(1357,5): warning MSB8012: TargetPath(D:\Development\Miscpkg\PortAudio\portaudio-19\build\x86\Release\portaudio_static_x86.lib) does not match the Library's OutputFile property value (D:\Development\Miscpkg\PortAudio\portaudio-19\build\x86\Release\portaudio.lib). This may cause your project to build incorrectly. To correct this, please make sure that $(OutDir), $(TargetName) and $(TargetExt) property values match the value specified in %(Lib.OutputFile).
C:\Program Files (x86)\MSBuild\Microsoft.Cpp\v4.0\V140\Microsoft.CppBuild.targets(1359,5): warning MSB8012: TargetName(portaudio_static_x86) does not match the Library's OutputFile property value (portaudio). This may cause your project to build incorrectly. To correct this, please make sure that $(OutDir), $(TargetName) and $(TargetExt) property values match the value specified in %(Lib.OutputFile).
  portaudio_static.vcxproj -> D:\Development\Miscpkg\PortAudio\portaudio-19\build\x86\Release\portaudio_static_x86.lib
