C:\DEVELOPMENT\VERSION2012\NEQUEO\SERVERS\NET\HTTP\NEQUEOASYNCCPPBASE\NEQUEOHTTPSERVER\NEQUEOHTTPSERVER\STAGING DEBUG\NEQUEOHTTPSERVER.PCH
C:\DEVELOPMENT\VERSION2012\NEQUEO\SERVERS\NET\HTTP\NEQUEOASYNCCPPBASE\NEQUEOHTTPSERVER\NEQUEOHTTPSERVER\STAGING DEBUG\STDAFX.XDC
C:\DEVELOPMENT\VERSION2012\NEQUEO\SERVERS\NET\HTTP\NEQUEOASYNCCPPBASE\NEQUEOHTTPSERVER\NEQUEOHTTPSERVER\STAGING DEBUG\STDAFX.OBJ
C:\DEVELOPMENT\VERSION2012\NEQUEO\SERVERS\NET\HTTP\NEQUEOASYNCCPPBASE\NEQUEOHTTPSERVER\NEQUEOHTTPSERVER\STAGING DEBUG\VC110.PDB
C:\DEVELOPMENT\VERSION2012\NEQUEO\SERVERS\NET\HTTP\NEQUEOASYNCCPPBASE\NEQUEOHTTPSERVER\NEQUEOHTTPSERVER\STAGING DEBUG\ASSEMBLYINFO.XDC
C:\DEVELOPMENT\VERSION2012\NEQUEO\SERVERS\NET\HTTP\NEQUEOASYNCCPPBASE\NEQUEOHTTPSERVER\NEQUEOHTTPSERVER\STAGING DEBUG\HTTPSERVER.XDC
C:\DEVELOPMENT\VERSION2012\NEQUEO\SERVERS\NET\HTTP\NEQUEOASYNCCPPBASE\NEQUEOHTTPSERVER\NEQUEOHTTPSERVER\STAGING DEBUG\HTTPSERVER.OBJ
C:\DEVELOPMENT\VERSION2012\NEQUEO\SERVERS\NET\HTTP\NEQUEOASYNCCPPBASE\NEQUEOHTTPSERVER\NEQUEOHTTPSERVER\STAGING DEBUG\ASSEMBLYINFO.OBJ
C:\DEVELOPMENT\VERSION2012\NEQUEO\SERVERS\NET\HTTP\NEQUEOASYNCCPPBASE\NEQUEOHTTPSERVER\NEQUEOHTTPSERVER\STAGING DEBUG\.NETFRAMEWORK,VERSION=V4.5.ASSEMBLYATTRIBUTES.XDC
C:\DEVELOPMENT\VERSION2012\NEQUEO\SERVERS\NET\HTTP\NEQUEOASYNCCPPBASE\NEQUEOHTTPSERVER\NEQUEOHTTPSERVER\STAGING DEBUG\.NETFRAMEWORK,VERSION=V4.5.ASSEMBLYATTRIBUTES.OBJ
C:\DEVELOPMENT\VERSION2012\NEQUEO\REFERENCES\STAGING\NEQUEOHTTPSERVER.ILK
C:\DEVELOPMENT\VERSION2012\NEQUEO\REFERENCES\STAGING\NEQUEOHTTPSERVER.DLL
C:\DEVELOPMENT\VERSION2012\NEQUEO\REFERENCES\STAGING\NEQUEOHTTPSERVER.PDB
C:\DEVELOPMENT\VERSION2012\NEQUEO\SERVERS\NET\HTTP\NEQUEOASYNCCPPBASE\NEQUEOHTTPSERVER\NEQUEOHTTPSERVER\STAGING DEBUG\APP.RES
C:\DEVELOPMENT\VERSION2012\NEQUEO\REFERENCES\STAGING\NEQUEOHTTPSERVER.XML
C:\Development\Version2012\Nequeo\Servers\Net\Http\NequeoAsyncCppBase\NequeoHttpServer\NequeoHttpServer\Staging Debug\NequeoHttpServer.vcxprojResolveAssemblyReference.cache
C:\Development\Version2012\Nequeo\Servers\Net\Http\NequeoAsyncCppBase\NequeoHttpServer\NequeoHttpServer\Staging Debug\.NETFramework,Version=v4.5.AssemblyAttributes.obj
C:\Development\Version2012\Nequeo\Servers\Net\Http\NequeoAsyncCppBase\NequeoHttpServer\NequeoHttpServer\Staging Debug\AssemblyInfo.obj
C:\Development\Version2012\Nequeo\Servers\Net\Http\NequeoAsyncCppBase\NequeoHttpServer\NequeoHttpServer\Staging Debug\HttpServer.obj
C:\Development\Version2012\Nequeo\Servers\Net\Http\NequeoAsyncCppBase\NequeoHttpServer\NequeoHttpServer\Staging Debug\Stdafx.obj
C:\Development\Version2012\Nequeo\Servers\Net\Http\NequeoAsyncCppBase\NequeoHttpServer\NequeoHttpServer\Staging Debug\cl.command.1.tlog
C:\Development\Version2012\Nequeo\Servers\Net\Http\NequeoAsyncCppBase\NequeoHttpServer\NequeoHttpServer\Staging Debug\CL.read.1.tlog
C:\Development\Version2012\Nequeo\Servers\Net\Http\NequeoAsyncCppBase\NequeoHttpServer\NequeoHttpServer\Staging Debug\CL.write.1.tlog
C:\Development\Version2012\Nequeo\Servers\Net\Http\NequeoAsyncCppBase\NequeoHttpServer\NequeoHttpServer\Staging Debug\link.2424.5840-cvtres.read.1.tlog
C:\Development\Version2012\Nequeo\Servers\Net\Http\NequeoAsyncCppBase\NequeoHttpServer\NequeoHttpServer\Staging Debug\link.2424.5840-cvtres.write.1.tlog
C:\Development\Version2012\Nequeo\Servers\Net\Http\NequeoAsyncCppBase\NequeoHttpServer\NequeoHttpServer\Staging Debug\link.2424.5840-rc.read.1.tlog
C:\Development\Version2012\Nequeo\Servers\Net\Http\NequeoAsyncCppBase\NequeoHttpServer\NequeoHttpServer\Staging Debug\link.2424.5840-rc.write.1.tlog
C:\Development\Version2012\Nequeo\Servers\Net\Http\NequeoAsyncCppBase\NequeoHttpServer\NequeoHttpServer\Staging Debug\link.2424.5840.read.1.tlog
C:\Development\Version2012\Nequeo\Servers\Net\Http\NequeoAsyncCppBase\NequeoHttpServer\NequeoHttpServer\Staging Debug\link.2424.5840.write.1.tlog
C:\Development\Version2012\Nequeo\Servers\Net\Http\NequeoAsyncCppBase\NequeoHttpServer\NequeoHttpServer\Staging Debug\link.2424.read.1.tlog
C:\Development\Version2012\Nequeo\Servers\Net\Http\NequeoAsyncCppBase\NequeoHttpServer\NequeoHttpServer\Staging Debug\link.2424.write.1.tlog
C:\Development\Version2012\Nequeo\Servers\Net\Http\NequeoAsyncCppBase\NequeoHttpServer\NequeoHttpServer\Staging Debug\link.command.1.tlog
C:\Development\Version2012\Nequeo\Servers\Net\Http\NequeoAsyncCppBase\NequeoHttpServer\NequeoHttpServer\Staging Debug\link.read.1.tlog
C:\Development\Version2012\Nequeo\Servers\Net\Http\NequeoAsyncCppBase\NequeoHttpServer\NequeoHttpServer\Staging Debug\link.write.1.tlog
C:\Development\Version2012\Nequeo\Servers\Net\Http\NequeoAsyncCppBase\NequeoHttpServer\NequeoHttpServer\Staging Debug\metagen.read.1.tlog
C:\Development\Version2012\Nequeo\Servers\Net\Http\NequeoAsyncCppBase\NequeoHttpServer\NequeoHttpServer\Staging Debug\metagen.write.1.tlog
C:\Development\Version2012\Nequeo\Servers\Net\Http\NequeoAsyncCppBase\NequeoHttpServer\NequeoHttpServer\Staging Debug\rc.command.1.tlog
C:\Development\Version2012\Nequeo\Servers\Net\Http\NequeoAsyncCppBase\NequeoHttpServer\NequeoHttpServer\Staging Debug\rc.read.1.tlog
C:\Development\Version2012\Nequeo\Servers\Net\Http\NequeoAsyncCppBase\NequeoHttpServer\NequeoHttpServer\Staging Debug\rc.write.1.tlog
C:\Development\Version2012\Nequeo\Servers\Net\Http\NequeoAsyncCppBase\NequeoHttpServer\NequeoHttpServer\Staging Debug\XDCMake.command.1.tlog
C:\Development\Version2012\Nequeo\Servers\Net\Http\NequeoAsyncCppBase\NequeoHttpServer\NequeoHttpServer\Staging Debug\xdcmake.read.1.tlog
C:\Development\Version2012\Nequeo\Servers\Net\Http\NequeoAsyncCppBase\NequeoHttpServer\NequeoHttpServer\Staging Debug\xdcmake.write.1.tlog
C:\Development\Version2012\Nequeo\Servers\Net\Http\NequeoAsyncCppBase\NequeoHttpServer\NequeoHttpServer\Staging Debug\app.res
C:\Development\Version2012\Nequeo\Servers\Net\Http\NequeoAsyncCppBase\NequeoHttpServer\NequeoHttpServer\Staging Debug\NequeoHttpServer.pch
C:\Development\Version2012\Nequeo\Servers\Net\Http\NequeoAsyncCppBase\NequeoHttpServer\NequeoHttpServer\Staging Debug\.NETFramework,Version=v4.5.AssemblyAttributes.xdc
C:\Development\Version2012\Nequeo\Servers\Net\Http\NequeoAsyncCppBase\NequeoHttpServer\NequeoHttpServer\Staging Debug\AssemblyInfo.xdc
C:\Development\Version2012\Nequeo\Servers\Net\Http\NequeoAsyncCppBase\NequeoHttpServer\NequeoHttpServer\Staging Debug\HttpServer.xdc
C:\Development\Version2012\Nequeo\Servers\Net\Http\NequeoAsyncCppBase\NequeoHttpServer\NequeoHttpServer\Staging Debug\Stdafx.xdc
C:\Development\Version2012\Nequeo\Servers\Net\Http\NequeoAsyncCppBase\NequeoHttpServer\NequeoHttpServer\Staging Debug\vc110.pdb
C:\Development\Version2012\Nequeo\Servers\Net\Http\NequeoAsyncCppBase\NequeoHttpServer\NequeoHttpServer\Staging Debug\MSXML6R.DLL.bi
C:\Development\Version2012\Nequeo\Servers\Net\Http\NequeoAsyncCppBase\NequeoHttpServer\NequeoHttpServer\Staging Debug\RSAENH.DLL.bi
C:\Development\Version2012\Nequeo\Servers\Net\Http\NequeoAsyncCppBase\NequeoHttpServer\NequeoHttpServer\Staging Debug\TZRES.DLL.bi
C:\Development\Version2012\Nequeo\Servers\Net\Http\NequeoAsyncCppBase\NequeoHttpServer\NequeoHttpServer\..\..\..\..\..\..\References\Staging\NequeoHttpServer.dll
