Build started 16/10/2012 7:41:59 pm.
     1>Project "C:\Development\Version2012\Nequeo\Servers\Net\Http\NequeoAsyncCppBase\NequeoHttpServer\NequeoHttpServer\NequeoHttpServer.vcxproj" on node 2 (Rebuild target(s)).
     1>ClCompile:
         C:\Program Files (x86)\Microsoft Visual Studio 11.0\VC\bin\CL.exe /c /IC:\Development\Version2012\Nequeo\References\Release\Include /AI"C:\Program Files (x86)\Reference Assemblies\Microsoft\Framework\.NETFramework\v4.5\\" /AI"C:\Program Files (x86)\Windows Kits\8.0\References\CommonConfiguration\Neutral" /AI"C:\Program Files (x86)\Reference Assemblies\Microsoft\Framework\.NETFramework\v4.5\Facades\\" /Zi /clr /nologo /W3 /WX- /Od /Oy- /D WIN32 /D _DEBUG /D _WINDLL /D _UNICODE /D UNICODE /EHa /MDd /GS /fp:precise /Zc:wchar_t /Zc:forScope /Yc"stdafx.h" /Fp"Staging Debug\NequeoHttpServer.pch" /Fo"Staging Debug\\" /Fd"Staging Debug\vc110.pdb" /doc"Staging Debug\\" /TP /FU"C:\Program Files (x86)\Reference Assemblies\Microsoft\Framework\.NETFramework\v4.5\mscorlib.dll" /FU"C:\Program Files (x86)\Reference Assemblies\Microsoft\Framework\.NETFramework\v4.5\System.Data.dll" /FU"C:\Program Files (x86)\Reference Assemblies\Microsoft\Framework\.NETFramework\v4.5\System.dll" /FU"C:\Program Files (x86)\Reference Assemblies\Microsoft\Framework\.NETFramework\v4.5\System.Xml.dll" /analyze- /errorReport:prompt /clr:nostdlib Stdafx.cpp
         Stdafx.cpp
         C:\Program Files (x86)\Microsoft Visual Studio 11.0\VC\bin\CL.exe /c /IC:\Development\Version2012\Nequeo\References\Release\Include /AI"C:\Program Files (x86)\Reference Assemblies\Microsoft\Framework\.NETFramework\v4.5\\" /AI"C:\Program Files (x86)\Windows Kits\8.0\References\CommonConfiguration\Neutral" /AI"C:\Program Files (x86)\Reference Assemblies\Microsoft\Framework\.NETFramework\v4.5\Facades\\" /Zi /clr /nologo /W3 /WX- /Od /Oy- /D WIN32 /D _DEBUG /D _WINDLL /D _UNICODE /D UNICODE /EHa /MDd /GS /fp:precise /Zc:wchar_t /Zc:forScope /Yu"stdafx.h" /Fp"Staging Debug\NequeoHttpServer.pch" /Fo"Staging Debug\\" /Fd"Staging Debug\vc110.pdb" /doc"Staging Debug\\" /TP /FU"C:\Program Files (x86)\Reference Assemblies\Microsoft\Framework\.NETFramework\v4.5\mscorlib.dll" /FU"C:\Program Files (x86)\Reference Assemblies\Microsoft\Framework\.NETFramework\v4.5\System.Data.dll" /FU"C:\Program Files (x86)\Reference Assemblies\Microsoft\Framework\.NETFramework\v4.5\System.dll" /FU"C:\Program Files (x86)\Reference Assemblies\Microsoft\Framework\.NETFramework\v4.5\System.Xml.dll" /analyze- /errorReport:prompt /clr:nostdlib AssemblyInfo.cpp HttpServer.cpp
         AssemblyInfo.cpp
         HttpServer.cpp
     1>HttpServer.cpp(80): warning C4101: 'ex' : unreferenced local variable
     1>HttpServer.cpp(88): warning C4101: 'ex' : unreferenced local variable
     1>HttpServer.cpp(96): warning C4101: 'ex' : unreferenced local variable
         Generating Code...
         C:\Program Files (x86)\Microsoft Visual Studio 11.0\VC\bin\CL.exe /c /IC:\Development\Version2012\Nequeo\References\Release\Include /Zi /clr /nologo /W3 /WX- /Od /Oy- /D WIN32 /D _DEBUG /D _WINDLL /D _UNICODE /D UNICODE /EHa /MDd /GS /fp:precise /Zc:wchar_t /Zc:forScope /Fo"Staging Debug\\" /Fd"Staging Debug\vc110.pdb" /doc"Staging Debug\\" /TP /analyze- /errorReport:prompt "C:\Users\PC\AppData\Local\Temp\.NETFramework,Version=v4.5.AssemblyAttributes.cpp"
         .NETFramework,Version=v4.5.AssemblyAttributes.cpp
       ResourceCompile:
         C:\Program Files (x86)\Windows Kits\8.0\bin\x86\rc.exe /D _UNICODE /D UNICODE /l"0x0409" /nologo /fo"Staging Debug\app.res" app.rc 
       Link:
         C:\Program Files (x86)\Microsoft Visual Studio 11.0\VC\bin\link.exe /ERRORREPORT:PROMPT /OUT:"..\..\..\..\..\..\References\Staging\NequeoHttpServer.dll" /INCREMENTAL /NOLOGO /LIBPATH:C:\Development\Version2012\Nequeo\References\Release\Lib httpapi.lib NequeoAsyncHttpServer.lib kernel32.lib user32.lib gdi32.lib winspool.lib comdlg32.lib advapi32.lib shell32.lib ole32.lib oleaut32.lib uuid.lib odbc32.lib odbccp32.lib /MANIFEST /MANIFESTUAC:"level='asInvoker' uiAccess='false'" /manifest:embed /DEBUG /PDB:"..\..\..\..\..\..\References\Staging\NequeoHttpServer.pdb" /ASSEMBLYDEBUG /TLBID:1 /DYNAMICBASE /FIXED:NO /NXCOMPAT /MACHINE:X86 /DLL "Staging Debug\app.res"
         "Staging Debug\AssemblyInfo.obj"
         "Staging Debug\HttpServer.obj"
         "Staging Debug\Stdafx.obj"
         "Staging Debug\.NETFramework,Version=v4.5.AssemblyAttributes.obj"
         NequeoAsyncHttpServer.lib(Listener.obj) : MSIL .netmodule or module compiled with /GL found; restarting link with /LTCG; add /LTCG to the link command line to improve linker performance
         Generating code
         Finished generating code
     1>NequeoAsyncHttpServer.lib(Listener.obj) : warning LNK4099: PDB 'vc110.pdb' was not found with 'NequeoAsyncHttpServer.lib(Listener.obj)' or at 'C:\Development\Version2012\Nequeo\References\Staging\vc110.pdb'; linking object as if no debug info
     1>NequeoAsyncHttpServer.lib(Handler.obj) : warning LNK4099: PDB 'vc110.pdb' was not found with 'NequeoAsyncHttpServer.lib(Handler.obj)' or at 'C:\Development\Version2012\Nequeo\References\Staging\vc110.pdb'; linking object as if no debug info
         NequeoHttpServer.vcxproj -> C:\Development\Version2012\Nequeo\Servers\Net\Http\NequeoAsyncCppBase\NequeoHttpServer\NequeoHttpServer\..\..\..\..\..\..\References\Staging\NequeoHttpServer.dll
       XdcMake:
         C:\Program Files (x86)\Microsoft Visual Studio 11.0\VC\bin\xdcmake.exe /old "NequeoHttpServer" /nologo /Fo"..\..\..\..\..\..\References\Staging\NequeoHttpServer.xml" /Fs"Staging Debug\AssemblyInfo.xdc" /Fs"Staging Debug\HttpServer.xdc" /Fs"Staging Debug\Stdafx.xdc" /Fs"Staging Debug\.NETFramework,Version=v4.5.AssemblyAttributes.xdc"
     1>Done Building Project "C:\Development\Version2012\Nequeo\Servers\Net\Http\NequeoAsyncCppBase\NequeoHttpServer\NequeoHttpServer\NequeoHttpServer.vcxproj" (Rebuild target(s)).

Build succeeded.

Time Elapsed 00:00:02.19
