C:\DEVELOPMENT\VERSION2012\NEQUEO\SERVERS\NET\HTTP\NEQUEOASYNCCPPBASE\NEQUEOHTTPSERVER\NEQUEOHTTPSERVER\DEBUG\NEQUEOHTTPSERVER.PCH
C:\DEVELOPMENT\VERSION2012\NEQUEO\SERVERS\NET\HTTP\NEQUEOASYNCCPPBASE\NEQUEOHTTPSERVER\NEQUEOHTTPSERVER\DEBUG\STDAFX.OBJ
C:\DEVELOPMENT\VERSION2012\NEQUEO\SERVERS\NET\HTTP\NEQUEOASYNCCPPBASE\NEQUEOHTTPSERVER\NEQUEOHTTPSERVER\DEBUG\VC110.PDB
C:\DEVELOPMENT\VERSION2012\NEQUEO\SERVERS\NET\HTTP\NEQUEOASYNCCPPBASE\NEQUEOHTTPSERVER\NEQUEOHTTPSERVER\DEBUG\HTTPSERVER.OBJ
C:\DEVELOPMENT\VERSION2012\NEQUEO\SERVERS\NET\HTTP\NEQUEOASYNCCPPBASE\NEQUEOHTTPSERVER\NEQUEOHTTPSERVER\DEBUG\ASSEMBLYINFO.OBJ
C:\DEVELOPMENT\VERSION2012\NEQUEO\SERVERS\NET\HTTP\NEQUEOASYNCCPPBASE\NEQUEOHTTPSERVER\NEQUEOHTTPSERVER\DEBUG\.NETFRAMEWORK,VERSION=V4.5.ASSEMBLYATTRIBUTES.OBJ
C:\DEVELOPMENT\VERSION2012\NEQUEO\SERVERS\NET\HTTP\NEQUEOASYNCCPPBASE\NEQUEOHTTPSERVER\DEBUG\NEQUEOHTTPSERVER.ILK
C:\DEVELOPMENT\VERSION2012\NEQUEO\SERVERS\NET\HTTP\NEQUEOASYNCCPPBASE\NEQUEOHTTPSERVER\DEBUG\NEQUEOHTTPSERVER.DLL
C:\DEVELOPMENT\VERSION2012\NEQUEO\SERVERS\NET\HTTP\NEQUEOASYNCCPPBASE\NEQUEOHTTPSERVER\DEBUG\NEQUEOHTTPSERVER.PDB
C:\DEVELOPMENT\VERSION2012\NEQUEO\SERVERS\NET\HTTP\NEQUEOASYNCCPPBASE\NEQUEOHTTPSERVER\NEQUEOHTTPSERVER\DEBUG\APP.RES
C:\Development\Version2012\Nequeo\Servers\Net\Http\NequeoAsyncCppBase\NequeoHttpServer\NequeoHttpServer\Debug\NequeoHttpServer.vcxprojResolveAssemblyReference.cache
C:\Development\Version2012\Nequeo\Servers\Net\Http\NequeoAsyncCppBase\NequeoHttpServer\NequeoHttpServer\Debug\.NETFramework,Version=v4.5.AssemblyAttributes.obj
C:\Development\Version2012\Nequeo\Servers\Net\Http\NequeoAsyncCppBase\NequeoHttpServer\NequeoHttpServer\Debug\AssemblyInfo.obj
C:\Development\Version2012\Nequeo\Servers\Net\Http\NequeoAsyncCppBase\NequeoHttpServer\NequeoHttpServer\Debug\HttpServer.obj
C:\Development\Version2012\Nequeo\Servers\Net\Http\NequeoAsyncCppBase\NequeoHttpServer\NequeoHttpServer\Debug\Stdafx.obj
C:\Development\Version2012\Nequeo\Servers\Net\Http\NequeoAsyncCppBase\NequeoHttpServer\NequeoHttpServer\Debug\cl.command.1.tlog
C:\Development\Version2012\Nequeo\Servers\Net\Http\NequeoAsyncCppBase\NequeoHttpServer\NequeoHttpServer\Debug\CL.read.1.tlog
C:\Development\Version2012\Nequeo\Servers\Net\Http\NequeoAsyncCppBase\NequeoHttpServer\NequeoHttpServer\Debug\CL.write.1.tlog
C:\Development\Version2012\Nequeo\Servers\Net\Http\NequeoAsyncCppBase\NequeoHttpServer\NequeoHttpServer\Debug\link.7936-cvtres.read.1.tlog
C:\Development\Version2012\Nequeo\Servers\Net\Http\NequeoAsyncCppBase\NequeoHttpServer\NequeoHttpServer\Debug\link.7936-cvtres.write.1.tlog
C:\Development\Version2012\Nequeo\Servers\Net\Http\NequeoAsyncCppBase\NequeoHttpServer\NequeoHttpServer\Debug\link.7936-rc.read.1.tlog
C:\Development\Version2012\Nequeo\Servers\Net\Http\NequeoAsyncCppBase\NequeoHttpServer\NequeoHttpServer\Debug\link.7936-rc.write.1.tlog
C:\Development\Version2012\Nequeo\Servers\Net\Http\NequeoAsyncCppBase\NequeoHttpServer\NequeoHttpServer\Debug\link.7936.read.1.tlog
C:\Development\Version2012\Nequeo\Servers\Net\Http\NequeoAsyncCppBase\NequeoHttpServer\NequeoHttpServer\Debug\link.7936.write.1.tlog
C:\Development\Version2012\Nequeo\Servers\Net\Http\NequeoAsyncCppBase\NequeoHttpServer\NequeoHttpServer\Debug\link.8844-cvtres.read.1.tlog
C:\Development\Version2012\Nequeo\Servers\Net\Http\NequeoAsyncCppBase\NequeoHttpServer\NequeoHttpServer\Debug\link.8844-cvtres.write.1.tlog
C:\Development\Version2012\Nequeo\Servers\Net\Http\NequeoAsyncCppBase\NequeoHttpServer\NequeoHttpServer\Debug\link.8844-rc.read.1.tlog
C:\Development\Version2012\Nequeo\Servers\Net\Http\NequeoAsyncCppBase\NequeoHttpServer\NequeoHttpServer\Debug\link.8844-rc.write.1.tlog
C:\Development\Version2012\Nequeo\Servers\Net\Http\NequeoAsyncCppBase\NequeoHttpServer\NequeoHttpServer\Debug\link.8844.read.1.tlog
C:\Development\Version2012\Nequeo\Servers\Net\Http\NequeoAsyncCppBase\NequeoHttpServer\NequeoHttpServer\Debug\link.8844.write.1.tlog
C:\Development\Version2012\Nequeo\Servers\Net\Http\NequeoAsyncCppBase\NequeoHttpServer\NequeoHttpServer\Debug\link.command.1.tlog
C:\Development\Version2012\Nequeo\Servers\Net\Http\NequeoAsyncCppBase\NequeoHttpServer\NequeoHttpServer\Debug\link.read.1.tlog
C:\Development\Version2012\Nequeo\Servers\Net\Http\NequeoAsyncCppBase\NequeoHttpServer\NequeoHttpServer\Debug\link.write.1.tlog
C:\Development\Version2012\Nequeo\Servers\Net\Http\NequeoAsyncCppBase\NequeoHttpServer\NequeoHttpServer\Debug\metagen.read.1.tlog
C:\Development\Version2012\Nequeo\Servers\Net\Http\NequeoAsyncCppBase\NequeoHttpServer\NequeoHttpServer\Debug\metagen.write.1.tlog
C:\Development\Version2012\Nequeo\Servers\Net\Http\NequeoAsyncCppBase\NequeoHttpServer\NequeoHttpServer\Debug\rc.command.1.tlog
C:\Development\Version2012\Nequeo\Servers\Net\Http\NequeoAsyncCppBase\NequeoHttpServer\NequeoHttpServer\Debug\rc.read.1.tlog
C:\Development\Version2012\Nequeo\Servers\Net\Http\NequeoAsyncCppBase\NequeoHttpServer\NequeoHttpServer\Debug\rc.write.1.tlog
C:\Development\Version2012\Nequeo\Servers\Net\Http\NequeoAsyncCppBase\NequeoHttpServer\NequeoHttpServer\Debug\app.res
C:\Development\Version2012\Nequeo\Servers\Net\Http\NequeoAsyncCppBase\NequeoHttpServer\NequeoHttpServer\Debug\NequeoHttpServer.pch
C:\Development\Version2012\Nequeo\Servers\Net\Http\NequeoAsyncCppBase\NequeoHttpServer\NequeoHttpServer\Debug\vc110.pdb
C:\Development\Version2012\Nequeo\Servers\Net\Http\NequeoAsyncCppBase\NequeoHttpServer\NequeoHttpServer\Debug\RSAENH.DLL.bi
C:\Development\Version2012\Nequeo\Servers\Net\Http\NequeoAsyncCppBase\NequeoHttpServer\NequeoHttpServer\Debug\TZRES.DLL.bi
C:\Development\Version2012\Nequeo\Servers\Net\Http\NequeoAsyncCppBase\NequeoHttpServer\Debug\NequeoHttpServer.pdb
C:\Development\Version2012\Nequeo\Servers\Net\Http\NequeoAsyncCppBase\NequeoHttpServer\Debug\NequeoHttpServer.dll
C:\Development\Version2012\Nequeo\Servers\Net\Http\NequeoAsyncCppBase\NequeoHttpServer\Debug\NequeoHttpServer.ilk
