d:\development\miscpkg\portaudio\portaudio-19\build\x64\portaudio_static.dir\debug\portaudio_static.pdb
d:\development\miscpkg\portaudio\portaudio-19\build\x64\portaudio_static.dir\debug\pa_x86_plain_converters.obj
d:\development\miscpkg\portaudio\portaudio-19\build\x64\portaudio_static.dir\debug\pa_win_coinitialize.obj
d:\development\miscpkg\portaudio\portaudio-19\build\x64\portaudio_static.dir\debug\pa_win_wdmks_utils.obj
d:\development\miscpkg\portaudio\portaudio-19\build\x64\portaudio_static.dir\debug\pa_win_waveformat.obj
d:\development\miscpkg\portaudio\portaudio-19\build\x64\portaudio_static.dir\debug\pa_win_util.obj
d:\development\miscpkg\portaudio\portaudio-19\build\x64\portaudio_static.dir\debug\pa_win_hostapis.obj
d:\development\miscpkg\portaudio\portaudio-19\build\x64\portaudio_static.dir\debug\pa_hostapi_skeleton.obj
d:\development\miscpkg\portaudio\portaudio-19\build\x64\portaudio_static.dir\debug\pa_win_wdmks.obj
d:\development\miscpkg\portaudio\portaudio-19\build\x64\portaudio_static.dir\debug\pa_win_wasapi.obj
d:\development\miscpkg\portaudio\portaudio-19\build\x64\portaudio_static.dir\debug\pa_win_wmme.obj
d:\development\miscpkg\portaudio\portaudio-19\build\x64\portaudio_static.dir\debug\pa_trace.obj
d:\development\miscpkg\portaudio\portaudio-19\build\x64\portaudio_static.dir\debug\pa_stream.obj
d:\development\miscpkg\portaudio\portaudio-19\build\x64\portaudio_static.dir\debug\pa_ringbuffer.obj
d:\development\miscpkg\portaudio\portaudio-19\build\x64\portaudio_static.dir\debug\pa_process.obj
d:\development\miscpkg\portaudio\portaudio-19\build\x64\portaudio_static.dir\debug\pa_front.obj
d:\development\miscpkg\portaudio\portaudio-19\build\x64\portaudio_static.dir\debug\pa_dither.obj
d:\development\miscpkg\portaudio\portaudio-19\build\x64\portaudio_static.dir\debug\pa_debugprint.obj
d:\development\miscpkg\portaudio\portaudio-19\build\x64\portaudio_static.dir\debug\pa_cpuload.obj
d:\development\miscpkg\portaudio\portaudio-19\build\x64\portaudio_static.dir\debug\pa_converters.obj
d:\development\miscpkg\portaudio\portaudio-19\build\x64\portaudio_static.dir\debug\pa_allocation.obj
d:\development\miscpkg\portaudio\portaudio-19\build\x64\cmakefiles\generate.stamp
d:\development\miscpkg\portaudio\portaudio-19\build\x64\debug\portaudio_static_x64.lib
d:\development\miscpkg\portaudio\portaudio-19\build\x64\portaudio_static.dir\debug\portaudio_static.tlog\cl.command.1.tlog
d:\development\miscpkg\portaudio\portaudio-19\build\x64\portaudio_static.dir\debug\portaudio_static.tlog\cl.read.1.tlog
d:\development\miscpkg\portaudio\portaudio-19\build\x64\portaudio_static.dir\debug\portaudio_static.tlog\cl.write.1.tlog
d:\development\miscpkg\portaudio\portaudio-19\build\x64\portaudio_static.dir\debug\portaudio_static.tlog\custombuild.command.1.tlog
d:\development\miscpkg\portaudio\portaudio-19\build\x64\portaudio_static.dir\debug\portaudio_static.tlog\custombuild.read.1.tlog
d:\development\miscpkg\portaudio\portaudio-19\build\x64\portaudio_static.dir\debug\portaudio_static.tlog\custombuild.write.1.tlog
d:\development\miscpkg\portaudio\portaudio-19\build\x64\portaudio_static.dir\debug\portaudio_static.tlog\lib-link.read.1.tlog
d:\development\miscpkg\portaudio\portaudio-19\build\x64\portaudio_static.dir\debug\portaudio_static.tlog\lib-link.write.1.tlog
d:\development\miscpkg\portaudio\portaudio-19\build\x64\portaudio_static.dir\debug\portaudio_static.tlog\lib.command.1.tlog
