d:\development\version2015\nequeo\servers\net\http\nequeoasynccppbase\nequeohttpserver\nequeohttpserver\x64\staging release\nequeohttpserver.pch
d:\development\version2015\nequeo\servers\net\http\nequeoasynccppbase\nequeohttpserver\nequeohttpserver\x64\staging release\vc140.pdb
d:\development\version2015\nequeo\servers\net\http\nequeoasynccppbase\nequeohttpserver\nequeohttpserver\x64\staging release\stdafx.xdc
d:\development\version2015\nequeo\servers\net\http\nequeoasynccppbase\nequeohttpserver\nequeohttpserver\x64\staging release\stdafx.obj
d:\development\version2015\nequeo\servers\net\http\nequeoasynccppbase\nequeohttpserver\nequeohttpserver\x64\staging release\assemblyinfo.xdc
d:\development\version2015\nequeo\servers\net\http\nequeoasynccppbase\nequeohttpserver\nequeohttpserver\x64\staging release\httpserver.xdc
d:\development\version2015\nequeo\servers\net\http\nequeoasynccppbase\nequeohttpserver\nequeohttpserver\x64\staging release\httpserver.obj
d:\development\version2015\nequeo\servers\net\http\nequeoasynccppbase\nequeohttpserver\nequeohttpserver\x64\staging release\assemblyinfo.obj
d:\development\version2015\nequeo\servers\net\http\nequeoasynccppbase\nequeohttpserver\nequeohttpserver\x64\staging release\.netframework,version=v4.5.2.assemblyattributes.xdc
d:\development\version2015\nequeo\servers\net\http\nequeoasynccppbase\nequeohttpserver\nequeohttpserver\x64\staging release\.netframework,version=v4.5.2.assemblyattributes.obj
d:\development\version2015\nequeo\servers\net\http\nequeoasynccppbase\nequeohttpserver\nequeohttpserver\x64\staging release\.netframework,version=v4.5.2.assemblyattributes.asm
d:\development\version2015\nequeo\references\staging_x64\nequeohttpserver.dll
d:\development\version2015\nequeo\references\staging_x64\nequeohttpserver.pdb
d:\development\version2015\nequeo\servers\net\http\nequeoasynccppbase\nequeohttpserver\nequeohttpserver\x64\staging release\app.res
d:\development\version2015\nequeo\servers\net\http\nequeoasynccppbase\nequeohttpserver\nequeohttpserver\x64\staging release\nequeohttpserver.vcxprojresolveassemblyreference.cache
d:\development\version2015\nequeo\servers\net\http\nequeoasynccppbase\nequeohttpserver\nequeohttpserver\..\..\..\..\..\..\references\staging_x64\nequeohttpserver.dll
d:\development\version2015\nequeo\servers\net\http\nequeoasynccppbase\nequeohttpserver\nequeohttpserver\x64\staging release\nequeohttpserver.tlog\cl.command.1.tlog
d:\development\version2015\nequeo\servers\net\http\nequeoasynccppbase\nequeohttpserver\nequeohttpserver\x64\staging release\nequeohttpserver.tlog\cl.read.1.tlog
d:\development\version2015\nequeo\servers\net\http\nequeoasynccppbase\nequeohttpserver\nequeohttpserver\x64\staging release\nequeohttpserver.tlog\cl.write.1.tlog
d:\development\version2015\nequeo\servers\net\http\nequeoasynccppbase\nequeohttpserver\nequeohttpserver\x64\staging release\nequeohttpserver.tlog\link.command.1.tlog
d:\development\version2015\nequeo\servers\net\http\nequeoasynccppbase\nequeohttpserver\nequeohttpserver\x64\staging release\nequeohttpserver.tlog\link.read.1.tlog
d:\development\version2015\nequeo\servers\net\http\nequeoasynccppbase\nequeohttpserver\nequeohttpserver\x64\staging release\nequeohttpserver.tlog\link.write.1.tlog
d:\development\version2015\nequeo\servers\net\http\nequeoasynccppbase\nequeohttpserver\nequeohttpserver\x64\staging release\nequeohttpserver.tlog\metagen.read.1.tlog
d:\development\version2015\nequeo\servers\net\http\nequeoasynccppbase\nequeohttpserver\nequeohttpserver\x64\staging release\nequeohttpserver.tlog\metagen.write.1.tlog
d:\development\version2015\nequeo\servers\net\http\nequeoasynccppbase\nequeohttpserver\nequeohttpserver\x64\staging release\nequeohttpserver.tlog\rc.command.1.tlog
d:\development\version2015\nequeo\servers\net\http\nequeoasynccppbase\nequeohttpserver\nequeohttpserver\x64\staging release\nequeohttpserver.tlog\rc.read.1.tlog
d:\development\version2015\nequeo\servers\net\http\nequeoasynccppbase\nequeohttpserver\nequeohttpserver\x64\staging release\nequeohttpserver.tlog\rc.write.1.tlog
d:\development\version2015\nequeo\servers\net\http\nequeoasynccppbase\nequeohttpserver\nequeohttpserver\x64\staging release\nequeohttpserver.tlog\xdcmake.command.1.tlog
d:\development\version2015\nequeo\servers\net\http\nequeoasynccppbase\nequeohttpserver\nequeohttpserver\x64\staging release\nequeohttpserver.tlog\xdcmake.read.1.tlog
d:\development\version2015\nequeo\servers\net\http\nequeoasynccppbase\nequeohttpserver\nequeohttpserver\x64\staging release\nequeohttpserver.tlog\xdcmake.write.1.tlog
d:\development\version2015\nequeo\servers\net\http\nequeoasynccppbase\nequeohttpserver\nequeohttpserver\x64\staging release\nequeohttpserver.tlog\msxml6r.dll.bi
d:\development\version2015\nequeo\servers\net\http\nequeoasynccppbase\nequeohttpserver\nequeohttpserver\x64\staging release\nequeohttpserver.tlog\tzres.dll.bi
