Build started 28/11/2015 2:01:33 PM.
     1>Project "D:\Development\Version2015\Nequeo\Servers\Net\Http\NequeoAsyncCppBase\NequeoHttpServer\NequeoHttpServer\NequeoHttpServer.vcxproj" on node 2 (Rebuild target(s)).
     1>C:\Program Files (x86)\MSBuild\Microsoft.Cpp\v4.0\V140\Microsoft.CppBuild.targets(368,5): warning MSB8004: Output Directory does not end with a trailing slash.  This build instance will add the slash as it is required to allow proper evaluation of the Output Directory.
     1>ClCompile:
         C:\Program Files (x86)\Microsoft Visual Studio 14.0\VC\bin\x86_amd64\CL.exe /c /I..\..\..\..\..\..\References\Release_x64\Include /AI"C:\Program Files (x86)\Reference Assemblies\Microsoft\Framework\.NETFramework\v4.5.2\\" /AI"C:\Program Files (x86)\Windows Kits\8.1\References\CommonConfiguration\Neutral" /AI"C:\Program Files (x86)\Reference Assemblies\Microsoft\Framework\.NETFramework\v4.5.2\Facades\\" /Zi /clr /nologo /W3 /WX- /O2 /D WIN32 /D NDEBUG /D _WINDLL /D _UNICODE /D UNICODE /EHa /MD /GS /fp:precise /Zc:wchar_t /Zc:forScope /Zc:inline /Yc"stdafx.h" /Fp"x64\Staging Release\NequeoHttpServer.pch" /Fo"x64\Staging Release\\" /Fd"x64\Staging Release\vc140.pdb" /doc"x64\Staging Release\\" /TP /FU"C:\Program Files (x86)\Reference Assemblies\Microsoft\Framework\.NETFramework\v4.5.2\mscorlib.dll" /FU"C:\Program Files (x86)\Reference Assemblies\Microsoft\Framework\.NETFramework\v4.5.2\System.Data.dll" /FU"C:\Program Files (x86)\Reference Assemblies\Microsoft\Framework\.NETFramework\v4.5.2\System.dll" /FU"C:\Program Files (x86)\Reference Assemblies\Microsoft\Framework\.NETFramework\v4.5.2\System.Xml.dll" /errorReport:prompt /clr:nostdlib Stdafx.cpp
         Stdafx.cpp
         C:\Program Files (x86)\Microsoft Visual Studio 14.0\VC\bin\x86_amd64\CL.exe /c /I..\..\..\..\..\..\References\Release_x64\Include /AI"C:\Program Files (x86)\Reference Assemblies\Microsoft\Framework\.NETFramework\v4.5.2\\" /AI"C:\Program Files (x86)\Windows Kits\8.1\References\CommonConfiguration\Neutral" /AI"C:\Program Files (x86)\Reference Assemblies\Microsoft\Framework\.NETFramework\v4.5.2\Facades\\" /Zi /clr /nologo /W3 /WX- /O2 /D WIN32 /D NDEBUG /D _WINDLL /D _UNICODE /D UNICODE /EHa /MD /GS /fp:precise /Zc:wchar_t /Zc:forScope /Zc:inline /Yu"stdafx.h" /Fp"x64\Staging Release\NequeoHttpServer.pch" /Fo"x64\Staging Release\\" /Fd"x64\Staging Release\vc140.pdb" /doc"x64\Staging Release\\" /TP /FU"C:\Program Files (x86)\Reference Assemblies\Microsoft\Framework\.NETFramework\v4.5.2\mscorlib.dll" /FU"C:\Program Files (x86)\Reference Assemblies\Microsoft\Framework\.NETFramework\v4.5.2\System.Data.dll" /FU"C:\Program Files (x86)\Reference Assemblies\Microsoft\Framework\.NETFramework\v4.5.2\System.dll" /FU"C:\Program Files (x86)\Reference Assemblies\Microsoft\Framework\.NETFramework\v4.5.2\System.Xml.dll" /errorReport:prompt /clr:nostdlib AssemblyInfo.cpp HttpServer.cpp
         AssemblyInfo.cpp
         HttpServer.cpp
     1>HttpServer.cpp(80): warning C4101: 'ex': unreferenced local variable
     1>HttpServer.cpp(89): warning C4101: 'ex': unreferenced local variable
     1>HttpServer.cpp(98): warning C4101: 'ex': unreferenced local variable
         Generating Code...
         C:\Program Files (x86)\Microsoft Visual Studio 14.0\VC\bin\x86_amd64\CL.exe /c /I..\..\..\..\..\..\References\Release_x64\Include /Zi /clr /nologo /W3 /WX- /O2 /D WIN32 /D NDEBUG /D _WINDLL /D _UNICODE /D UNICODE /EHa /MD /GS /fp:precise /Zc:wchar_t /Zc:forScope /Zc:inline /Fp"x64\Staging Release\NequeoHttpServer.pch" /Fa"x64\Staging Release\\" /Fo"x64\Staging Release\\" /Fd"x64\Staging Release\vc140.pdb" /doc"x64\Staging Release\\" /errorReport:prompt "C:\Users\dev\AppData\Local\Temp\.NETFramework,Version=v4.5.2.AssemblyAttributes.cpp"
         .NETFramework,Version=v4.5.2.AssemblyAttributes.cpp
       ResourceCompile:
         C:\Program Files (x86)\Windows Kits\8.1\bin\x86\rc.exe /D _UNICODE /D UNICODE /l"0x0409" /nologo /fo"x64\Staging Release\app.res" app.rc 
       Link:
         C:\Program Files (x86)\Microsoft Visual Studio 14.0\VC\bin\x86_amd64\link.exe /ERRORREPORT:PROMPT /OUT:"..\..\..\..\..\..\References\Staging_x64\NequeoHttpServer.dll" /INCREMENTAL:NO /NOLOGO /LIBPATH:..\..\..\..\..\..\References\Release_x64\Lib httpapi.lib NequeoAsyncHttpServer.lib kernel32.lib user32.lib gdi32.lib winspool.lib comdlg32.lib advapi32.lib shell32.lib ole32.lib oleaut32.lib uuid.lib odbc32.lib odbccp32.lib /MANIFEST /MANIFESTUAC:"level='asInvoker' uiAccess='false'" /manifest:embed /Debug /PDB:"..\..\..\..\..\..\References\Staging_x64\NequeoHttpServer.pdb" /TLBID:1 /DYNAMICBASE /FIXED:NO /NXCOMPAT /MACHINE:X64 /DLL "x64\Staging Release\app.res"
         "x64\Staging Release\AssemblyInfo.obj"
         "x64\Staging Release\HttpServer.obj"
         "x64\Staging Release\Stdafx.obj"
         "x64\Staging Release\.NETFramework,Version=v4.5.2.AssemblyAttributes.obj"
         NequeoAsyncHttpServer.lib(Listener.obj) : MSIL .netmodule or module compiled with /GL found; restarting link with /LTCG; add /LTCG to the link command line to improve linker performance
         Generating code
         Finished generating code
         NequeoHttpServer.vcxproj -> D:\Development\Version2015\Nequeo\Servers\Net\Http\NequeoAsyncCppBase\NequeoHttpServer\NequeoHttpServer\..\..\..\..\..\..\References\Staging_x64\NequeoHttpServer.dll
       XdcMake:
         C:\Program Files (x86)\Microsoft Visual Studio 14.0\VC\bin\xdcmake.exe /old "NequeoHttpServer" /nologo /Fo"..\..\..\..\..\..\References\Staging_x64\NequeoHttpServer.xml" /Fs"x64\Staging Release\AssemblyInfo.xdc" /Fs"x64\Staging Release\HttpServer.xdc" /Fs"x64\Staging Release\Stdafx.xdc" /Fs"x64\Staging Release\.NETFramework,Version=v4.5.2.AssemblyAttributes.xdc"
     1>Done Building Project "D:\Development\Version2015\Nequeo\Servers\Net\Http\NequeoAsyncCppBase\NequeoHttpServer\NequeoHttpServer\NequeoHttpServer.vcxproj" (Rebuild target(s)).

Build succeeded.

Time Elapsed 00:00:03.10
