C:\DEVELOPMENT\VERSION2012\NEQUEO\SERVERS\NET\HTTP\NEQUEOASYNCCPPBASE\NEQUEOASYNCHTTPSERVER\NEQUEOASYNCHTTPSERVER\DEBUG\HANDLER.OBJ
C:\DEVELOPMENT\VERSION2012\NEQUEO\SERVERS\NET\HTTP\NEQUEOASYNCCPPBASE\NEQUEOASYNCHTTPSERVER\NEQUEOASYNCHTTPSERVER\DEBUG\LISTENER.OBJ
C:\DEVELOPMENT\VERSION2012\NEQUEO\SERVERS\NET\HTTP\NEQUEOASYNCCPPBASE\NEQUEOASYNCHTTPSERVER\NEQUEOASYNCHTTPSERVER\DEBUG\MAIN.OBJ
C:\DEVELOPMENT\VERSION2012\NEQUEO\SERVERS\NET\HTTP\NEQUEOASYNCCPPBASE\NEQUEOASYNCHTTPSERVER\NEQUEOASYNCHTTPSERVER\DEBUG\STDAFX.OBJ
C:\DEVELOPMENT\VERSION2012\NEQUEO\SERVERS\NET\HTTP\NEQUEOASYNCCPPBASE\NEQUEOASYNCHTTPSERVER\NEQUEOASYNCHTTPSERVER\DEBUG\VC110.PDB
C:\DEVELOPMENT\VERSION2012\NEQUEO\SERVERS\NET\HTTP\NEQUEOASYNCCPPBASE\NEQUEOASYNCHTTPSERVER\DEBUG\NEQUEOASYNCHTTPSERVER.ILK
C:\DEVELOPMENT\VERSION2012\NEQUEO\SERVERS\NET\HTTP\NEQUEOASYNCCPPBASE\NEQUEOASYNCHTTPSERVER\DEBUG\NEQUEOASYNCHTTPSERVER.EXE
C:\DEVELOPMENT\VERSION2012\NEQUEO\SERVERS\NET\HTTP\NEQUEOASYNCCPPBASE\NEQUEOASYNCHTTPSERVER\DEBUG\NEQUEOASYNCHTTPSERVER.PDB
C:\Development\Version2012\Nequeo\Servers\Net\Http\NequeoAsyncCppBase\NequeoAsyncHttpServer\NequeoAsyncHttpServer\Debug\Handler.obj
C:\Development\Version2012\Nequeo\Servers\Net\Http\NequeoAsyncCppBase\NequeoAsyncHttpServer\NequeoAsyncHttpServer\Debug\Listener.obj
C:\Development\Version2012\Nequeo\Servers\Net\Http\NequeoAsyncCppBase\NequeoAsyncHttpServer\NequeoAsyncHttpServer\Debug\Main.obj
C:\Development\Version2012\Nequeo\Servers\Net\Http\NequeoAsyncCppBase\NequeoAsyncHttpServer\NequeoAsyncHttpServer\Debug\stdafx.obj
C:\Development\Version2012\Nequeo\Servers\Net\Http\NequeoAsyncCppBase\NequeoAsyncHttpServer\NequeoAsyncHttpServer\Debug\cl.command.1.tlog
C:\Development\Version2012\Nequeo\Servers\Net\Http\NequeoAsyncCppBase\NequeoAsyncHttpServer\NequeoAsyncHttpServer\Debug\CL.read.1.tlog
C:\Development\Version2012\Nequeo\Servers\Net\Http\NequeoAsyncCppBase\NequeoAsyncHttpServer\NequeoAsyncHttpServer\Debug\CL.write.1.tlog
C:\Development\Version2012\Nequeo\Servers\Net\Http\NequeoAsyncCppBase\NequeoAsyncHttpServer\NequeoAsyncHttpServer\Debug\link-cvtres.read.1.tlog
C:\Development\Version2012\Nequeo\Servers\Net\Http\NequeoAsyncCppBase\NequeoAsyncHttpServer\NequeoAsyncHttpServer\Debug\link-cvtres.write.1.tlog
C:\Development\Version2012\Nequeo\Servers\Net\Http\NequeoAsyncCppBase\NequeoAsyncHttpServer\NequeoAsyncHttpServer\Debug\link-rc.read.1.tlog
C:\Development\Version2012\Nequeo\Servers\Net\Http\NequeoAsyncCppBase\NequeoAsyncHttpServer\NequeoAsyncHttpServer\Debug\link-rc.write.1.tlog
C:\Development\Version2012\Nequeo\Servers\Net\Http\NequeoAsyncCppBase\NequeoAsyncHttpServer\NequeoAsyncHttpServer\Debug\link.command.1.tlog
C:\Development\Version2012\Nequeo\Servers\Net\Http\NequeoAsyncCppBase\NequeoAsyncHttpServer\NequeoAsyncHttpServer\Debug\link.read.1.tlog
C:\Development\Version2012\Nequeo\Servers\Net\Http\NequeoAsyncCppBase\NequeoAsyncHttpServer\NequeoAsyncHttpServer\Debug\link.write.1.tlog
C:\Development\Version2012\Nequeo\Servers\Net\Http\NequeoAsyncCppBase\NequeoAsyncHttpServer\NequeoAsyncHttpServer\Debug\vc110.idb
C:\Development\Version2012\Nequeo\Servers\Net\Http\NequeoAsyncCppBase\NequeoAsyncHttpServer\NequeoAsyncHttpServer\Debug\vc110.pdb
C:\Development\Version2012\Nequeo\Servers\Net\Http\NequeoAsyncCppBase\NequeoAsyncHttpServer\Debug\NequeoAsyncHttpServer.pdb
C:\Development\Version2012\Nequeo\Servers\Net\Http\NequeoAsyncCppBase\NequeoAsyncHttpServer\Debug\NequeoAsyncHttpServer.exe
C:\Development\Version2012\Nequeo\Servers\Net\Http\NequeoAsyncCppBase\NequeoAsyncHttpServer\Debug\NequeoAsyncHttpServer.ilk
